0 info it worked if it ends with ok
1 verbose cli [ 'C:\\Program Files\\nodejs\\\\node.exe',
1 verbose cli   'C:\\Program Files\\nodejs\\node_modules\\npm\\bin\\npm-cli.js',
1 verbose cli   'i',
1 verbose cli   '--save',
1 verbose cli   'babel-present-react' ]
2 info using npm@1.4.28
3 info using node@v0.10.33
4 verbose node symlink C:\Program Files\nodejs\\node.exe
5 warn package.json react-money@1.0.0 No description
6 warn package.json react-money@1.0.0 No README data
7 verbose readDependencies using package.json deps
8 verbose cache add [ 'babel-present-react', null ]
9 verbose cache add name=undefined spec="babel-present-react" args=["babel-present-react",null]
10 verbose parsed url { protocol: null,
10 verbose parsed url   slashes: null,
10 verbose parsed url   auth: null,
10 verbose parsed url   host: null,
10 verbose parsed url   port: null,
10 verbose parsed url   hostname: null,
10 verbose parsed url   hash: null,
10 verbose parsed url   search: null,
10 verbose parsed url   query: null,
10 verbose parsed url   pathname: 'babel-present-react',
10 verbose parsed url   path: 'babel-present-react',
10 verbose parsed url   href: 'babel-present-react' }
11 silly lockFile 14c027b9-babel-present-react babel-present-react
12 verbose lock babel-present-react C:\Users\Core\AppData\Roaming\npm-cache\14c027b9-babel-present-react.lock
13 silly lockFile 14c027b9-babel-present-react babel-present-react
14 silly lockFile 14c027b9-babel-present-react babel-present-react
15 verbose addNamed [ 'babel-present-react', '' ]
16 verbose addNamed [ null, '*' ]
17 silly lockFile 2defbf33-babel-present-react babel-present-react@
18 verbose lock babel-present-react@ C:\Users\Core\AppData\Roaming\npm-cache\2defbf33-babel-present-react.lock
19 silly addNameRange { name: 'babel-present-react', range: '*', hasData: false }
20 verbose request where is /babel-present-react
21 verbose request registry https://registry.npmjs.org/
22 verbose request id 39e77940ae98837b
23 verbose url raw /babel-present-react
24 verbose url resolving [ 'https://registry.npmjs.org/', './babel-present-react' ]
25 verbose url resolved https://registry.npmjs.org/babel-present-react
26 verbose request where is https://registry.npmjs.org/babel-present-react
27 info trying registry request attempt 1 at 13:23:01
28 http GET https://registry.npmjs.org/babel-present-react
29 http 404 https://registry.npmjs.org/babel-present-react
30 silly registry.get cb [ 404,
30 silly registry.get   { 'content-type': 'application/json',
30 silly registry.get     'cache-control': 'max-age=0',
30 silly registry.get     'content-length': '2',
30 silly registry.get     'accept-ranges': 'bytes',
30 silly registry.get     date: 'Tue, 19 Jan 2016 10:17:59 GMT',
30 silly registry.get     via: '1.1 varnish',
30 silly registry.get     age: '0',
30 silly registry.get     connection: 'keep-alive',
30 silly registry.get     'x-served-by': 'cache-fra1233-FRA',
30 silly registry.get     'x-cache': 'MISS',
30 silly registry.get     'x-cache-hits': '0',
30 silly registry.get     'x-timer': 'S1453198678.279610,VS0,VE739' } ]
31 silly lockFile 2defbf33-babel-present-react babel-present-react@
32 silly lockFile 2defbf33-babel-present-react babel-present-react@
33 error 404 Not Found
33 error 404
33 error 404 'babel-present-react' is not in the npm registry.
33 error 404 You should bug the author to publish it
33 error 404 It was specified as a dependency of 'react-money'
33 error 404
33 error 404 Note that you can also install from a
33 error 404 tarball, folder, or http url, or git url.
34 error System Windows_NT 6.1.7601
35 error command "C:\\Program Files\\nodejs\\\\node.exe" "C:\\Program Files\\nodejs\\node_modules\\npm\\bin\\npm-cli.js" "i" "--save" "babel-present-react"
36 error cwd C:\Users\Core\desktop\react-money
37 error node -v v0.10.33
38 error npm -v 1.4.28
39 error code E404
40 verbose exit [ 1, true ]
